<?xml version="1.0" encoding="UTF-8"?>
<!-- Generated by org.testng.reporters.JUnitReportReporter -->
<testsuite hostname="Soumyajit" failures="0" tests="1" name="com.crm.autodesk.campaignPOMTest.CreateCampaignWithProductTest" time="16.644" errors="0" timestamp="2022-03-18T11:19:36 IST" skipped="0">
  <testcase classname="com.crm.autodesk.campaignPOMTest.CreateCampaignWithProductTest" name="createCampaignWithProduct" time="16.644"/>
  <system-out/>
</testsuite> <!-- com.crm.autodesk.campaignPOMTest.CreateCampaignWithProductTest -->
