<?xml version="1.0" encoding="UTF-8"?>
<!-- Generated by org.testng.reporters.JUnitReportReporter -->
<testsuite skipped="0" hostname="Soumyajit" name="com.crm.autodesk.contactsPOMTest.CreateContactWithOrganization" tests="1" failures="0" timestamp="2022-03-23T17:33:30 IST" time="19.334" errors="0">
  <testcase name="createContactWithOrganization" time="19.334" classname="com.crm.autodesk.contactsPOMTest.CreateContactWithOrganization"/>
  <system-out/>
</testsuite> <!-- com.crm.autodesk.contactsPOMTest.CreateContactWithOrganization -->
