<?xml version="1.0" encoding="UTF-8"?>
<!-- Generated by org.testng.reporters.JUnitReportReporter -->
<testsuite hostname="Soumyajit" failures="0" tests="1" name="com.crm.autodesk.organisationPOMTest.CreateOrgWithIndustryTest" time="10.457" errors="0" timestamp="2022-03-18T11:19:36 IST" skipped="0">
  <testcase classname="com.crm.autodesk.organisationPOMTest.CreateOrgWithIndustryTest" name="createOrgWithIndustry" time="10.457"/>
  <system-out/>
</testsuite> <!-- com.crm.autodesk.organisationPOMTest.CreateOrgWithIndustryTest -->
